[debug] [2025-08-08T20:03:35.924Z] ----------------------------------------------------------------------
[debug] [2025-08-08T20:03:35.926Z] Command:       C:\Program Files\nodejs\node.exe C:\Users\User\AppData\Roaming\npm\node_modules\firebase-tools\lib\bin\firebase.js init hosting
[debug] [2025-08-08T20:03:35.927Z] CLI Version:   14.12.0
[debug] [2025-08-08T20:03:35.927Z] Platform:      win32
[debug] [2025-08-08T20:03:35.927Z] Node Version:  v20.11.0
[debug] [2025-08-08T20:03:35.927Z] Time:          Fri Aug 08 2025 23:03:35 GMT+0300 (שעון ישראל (קיץ))
[debug] [2025-08-08T20:03:35.927Z] ----------------------------------------------------------------------
[debug] 
[debug] [2025-08-08T20:03:35.930Z] > command requires scopes: ["email","openid","https://www.googleapis.com/auth/cloudplatformprojects.readonly","https://www.googleapis.com/auth/firebase","https://www.googleapis.com/auth/cloud-platform"]
[debug] [2025-08-08T20:03:35.931Z] > authorizing via signed-in user (danielle31333133@gmail.com)
[info] 
     ######## #### ########  ######## ########     ###     ######  ########
     ##        ##  ##     ## ##       ##     ##  ##   ##  ##       ##
     ######    ##  ########  ######   ########  #########  ######  ######
     ##        ##  ##    ##  ##       ##     ## ##     ##       ## ##
     ##       #### ##     ## ######## ########  ##     ##  ######  ########

You're about to initialize a Firebase project in this directory:

  C:\Users\User\firebase-chat

[info] 
=== Project Setup
[info] 
[info] First, let's associate this project directory with a Firebase project.
[info] You can create multiple project aliases by running firebase use --add, 
[info] but for now we'll just set up a default project.
[info] 
[debug] [2025-08-08T20:03:44.914Z] Checked if tokens are valid: true, expires at: 1754686916815
[debug] [2025-08-08T20:03:44.915Z] Checked if tokens are valid: true, expires at: 1754686916815
[debug] [2025-08-08T20:03:44.917Z] >>> [apiv2][query] GET https://firebase.googleapis.com/v1beta1/projects pageSize=100
[debug] [2025-08-08T20:03:45.608Z] <<< [apiv2][status] GET https://firebase.googleapis.com/v1beta1/projects 200
[debug] [2025-08-08T20:03:45.608Z] <<< [apiv2][body] GET https://firebase.googleapis.com/v1beta1/projects [omitted]
[info] i  Using project fir-chat-app-397da (firebase-chat-app) 
[info] 
=== Hosting Setup
[debug] [2025-08-08T20:03:51.277Z] Checked if tokens are valid: true, expires at: 1754686916815
[debug] [2025-08-08T20:03:51.278Z] Checked if tokens are valid: true, expires at: 1754686916815
[debug] [2025-08-08T20:03:51.278Z] >>> [apiv2][query] GET https://firebase.googleapis.com/v1beta1/projects/fir-chat-app-397da [none]
[debug] [2025-08-08T20:03:51.628Z] <<< [apiv2][status] GET https://firebase.googleapis.com/v1beta1/projects/fir-chat-app-397da 200
[debug] [2025-08-08T20:03:51.628Z] <<< [apiv2][body] GET https://firebase.googleapis.com/v1beta1/projects/fir-chat-app-397da {"projectId":"fir-chat-app-397da","projectNumber":"479325246054","displayName":"firebase-chat-app","name":"projects/fir-chat-app-397da","resources":{"hostingSite":"fir-chat-app-397da","realtimeDatabaseInstance":"fir-chat-app-397da-default-rtdb"},"state":"ACTIVE","etag":"1_fc5f4d98-e764-40a8-99df-d16057d73506"}
[info] 
[info] Your public directory is the folder (relative to your project directory) that
[info] will contain Hosting assets to be uploaded with firebase deploy. If you
[info] have a build process for your assets, use your build's output directory.
[info] 
[debug] [2025-08-08T20:04:10.199Z] >>> [apiv2][query] GET https://www.gstatic.com/firebasejs/releases.json [none]
[debug] [2025-08-08T20:04:10.363Z] <<< [apiv2][status] GET https://www.gstatic.com/firebasejs/releases.json 200
[debug] [2025-08-08T20:04:10.363Z] <<< [apiv2][body] GET https://www.gstatic.com/firebasejs/releases.json {"current":{"version":"12.1.0","browserURL":"https://www.gstatic.com/firebasejs/12.1.0/firebase.js","packageURL":"https://www.gstatic.com/firebasejs/12.1.0/firebase.tgz"},"live":{"version":"12.1","browserURL":"https://www.gstatic.com/firebasejs/live/12.1/firebase.js","packageURL":"https://www.gstatic.com/firebasejs/live/12.1/firebase.tgz"},"components":{"ai":"https://www.gstatic.com/firebasejs/12.1.0/firebase-ai.js","analytics":"https://www.gstatic.com/firebasejs/12.1.0/firebase-analytics.js","app":"https://www.gstatic.com/firebasejs/12.1.0/firebase-app.js","app-check":"https://www.gstatic.com/firebasejs/12.1.0/firebase-app-check.js","auth":"https://www.gstatic.com/firebasejs/12.1.0/firebase-auth.js","auth/cordova":"https://www.gstatic.com/firebasejs/12.1.0/firebase-auth/cordova.js","auth/web-extension":"https://www.gstatic.com/firebasejs/12.1.0/firebase-auth/web-extension.js","functions":"https://www.gstatic.com/firebasejs/12.1.0/firebase-functions.js","firestore":"https://www.gstatic.com/firebasejs/12.1.0/firebase-firestore.js","firestore/lite":"https://www.gstatic.com/firebasejs/12.1.0/firebase-firestore/lite.js","installations":"https://www.gstatic.com/firebasejs/12.1.0/firebase-installations.js","storage":"https://www.gstatic.com/firebasejs/12.1.0/firebase-storage.js","performance":"https://www.gstatic.com/firebasejs/12.1.0/firebase-performance.js","remote-config":"https://www.gstatic.com/firebasejs/12.1.0/firebase-remote-config.js","messaging":"https://www.gstatic.com/firebasejs/12.1.0/firebase-messaging.js","messaging/sw":"https://www.gstatic.com/firebasejs/12.1.0/firebase-messaging/sw.js","database":"https://www.gstatic.com/firebasejs/12.1.0/firebase-database.js","data-connect":"https://www.gstatic.com/firebasejs/12.1.0/firebase-data-connect.js","firestore.memory":"https://www.gstatic.com/firebasejs/12.1.0/firebase-firestore.memory.js"}}
[info] i  Skipping write of public/index.html 
[info] 
[info] i  Didn't detect a .git folder. Assuming C:\Users\User\firebase-chat is the project root. 
[info] i  Authorizing with GitHub to upload your service account to a GitHub repository's secrets store. 
[info] 
[info] Visit this URL on this device to log in:
[info] https://github.com/login/oauth/authorize?client_id=89cf50f02ac6aaed3484&state=129670071&redirect_uri=http%3A%2F%2Flocalhost%3A9005&scope=read%3Auser%20repo%20public_repo
[info] 
[info] Waiting for authentication...
[debug] [2025-08-08T20:04:49.434Z] >>> [apiv2][query] POST https://github.com/login/oauth/access_token [none]
[debug] [2025-08-08T20:04:49.435Z] >>> [apiv2][body] POST https://github.com/login/oauth/access_token [stream]
[debug] [2025-08-08T20:04:49.739Z] <<< [apiv2][status] POST https://github.com/login/oauth/access_token 200
[debug] [2025-08-08T20:04:49.739Z] <<< [apiv2][body] POST https://github.com/login/oauth/access_token {"access_token":"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","token_type":"bearer","scope":"read:user,repo"}
[debug] [2025-08-08T20:04:49.751Z] >>> [apiv2][query] GET https://api.github.com/user [none]
[debug] [2025-08-08T20:04:50.069Z] <<< [apiv2][status] GET https://api.github.com/user 200
[debug] [2025-08-08T20:04:50.069Z] <<< [apiv2][body] GET https://api.github.com/user {"login":"daniellesarusi","id":81098880,"node_id":"MDQ6VXNlcjgxMDk4ODgw","avatar_url":"https://avatars.githubusercontent.com/u/81098880?v=4","gravatar_id":"","url":"https://api.github.com/users/daniellesarusi","html_url":"https://github.com/daniellesarusi","followers_url":"https://api.github.com/users/daniellesarusi/followers","following_url":"https://api.github.com/users/daniellesarusi/following{/other_user}","gists_url":"https://api.github.com/users/daniellesarusi/gists{/gist_id}","starred_url":"https://api.github.com/users/daniellesarusi/starred{/owner}{/repo}","subscriptions_url":"https://api.github.com/users/daniellesarusi/subscriptions","organizations_url":"https://api.github.com/users/daniellesarusi/orgs","repos_url":"https://api.github.com/users/daniellesarusi/repos","events_url":"https://api.github.com/users/daniellesarusi/events{/privacy}","received_events_url":"https://api.github.com/users/daniellesarusi/received_events","type":"User","user_view_type":"private","site_admin":false,"name":null,"company":null,"blog":"","location":null,"email":null,"hireable":null,"bio":null,"twitter_username":null,"notification_email":null,"public_repos":3,"public_gists":0,"followers":0,"following":0,"created_at":"2021-03-21T15:39:50Z","updated_at":"2023-05-08T05:25:45Z","private_gists":0,"total_private_repos":0,"owned_private_repos":0,"disk_usage":1022,"collaborators":0,"two_factor_authentication":false,"plan":{"name":"free","space":976562499,"collaborators":0,"private_repos":10000}}
[info] 
[info] +  Success! Logged into GitHub as daniellesarusi 
[info] 
[debug] [2025-08-08T20:04:55.167Z] >>> [apiv2][query] GET https://api.github.com/repos//actions/secrets/public-key type=owner
[debug] [2025-08-08T20:04:55.384Z] <<< [apiv2][status] GET https://api.github.com/repos//actions/secrets/public-key 404
[debug] [2025-08-08T20:04:55.384Z] <<< [apiv2][body] GET https://api.github.com/repos//actions/secrets/public-key {"message":"Not Found","documentation_url":"https://docs.github.com/rest","status":"404"}
[info] 
[info] 
[error] !  The provided authorization cannot be used with this repository. If this repository is in an organization, did you remember to grant access? 
[info] 
[info] i  Action required: Visit this URL to ensure access has been granted to the appropriate organization(s) for the Firebase CLI GitHub OAuth App: 
[info] https://github.com/settings/connections/applications/89cf50f02ac6aaed3484
[info] 
[debug] [2025-08-08T20:04:55.518Z] >>> [apiv2][query] GET https://api.github.com/repos//actions/secrets/public-key type=owner
[debug] [2025-08-08T20:04:55.664Z] <<< [apiv2][status] GET https://api.github.com/repos//actions/secrets/public-key 404
[debug] [2025-08-08T20:04:55.665Z] <<< [apiv2][body] GET https://api.github.com/repos//actions/secrets/public-key {"message":"Not Found","documentation_url":"https://docs.github.com/rest","status":"404"}
[info] 
[info] 
[error] !  The provided authorization cannot be used with this repository. If this repository is in an organization, did you remember to grant access? 
[info] 
[info] i  Action required: Visit this URL to ensure access has been granted to the appropriate organization(s) for the Firebase CLI GitHub OAuth App: 
[info] https://github.com/settings/connections/applications/89cf50f02ac6aaed3484
[info] 
[debug] [2025-08-08T20:05:00.975Z] >>> [apiv2][query] GET https://api.github.com/repos/ \/actions/secrets/public-key type=owner
[debug] [2025-08-08T20:05:01.180Z] <<< [apiv2][status] GET https://api.github.com/repos/ \/actions/secrets/public-key 404
[debug] [2025-08-08T20:05:01.180Z] <<< [apiv2][body] GET https://api.github.com/repos/ \/actions/secrets/public-key {"message":"Not Found","documentation_url":"https://docs.github.com/rest","status":"404"}
[info] 
[info] 
[error] !  The provided authorization cannot be used with this repository. If this repository is in an organization, did you remember to grant access? 
[info] 
[info] i  Action required: Visit this URL to ensure access has been granted to the appropriate organization(s) for the Firebase CLI GitHub OAuth App: 
[info] https://github.com/settings/connections/applications/89cf50f02ac6aaed3484
[info] 
[debug] [2025-08-08T20:05:17.028Z] >>> [apiv2][query] GET https://api.github.com/repos/ \repository/actions/secrets/public-key type=owner
[debug] [2025-08-08T20:05:17.261Z] <<< [apiv2][status] GET https://api.github.com/repos/ \repository/actions/secrets/public-key 404
[debug] [2025-08-08T20:05:17.261Z] <<< [apiv2][body] GET https://api.github.com/repos/ \repository/actions/secrets/public-key {"message":"Not Found","documentation_url":"https://docs.github.com/rest/actions/secrets#get-a-repository-public-key","status":"404"}
[info] 
[info] 
[error] !  The provided authorization cannot be used with this repository. If this repository is in an organization, did you remember to grant access? 
[info] 
[info] i  Action required: Visit this URL to ensure access has been granted to the appropriate organization(s) for the Firebase CLI GitHub OAuth App: 
[info] https://github.com/settings/connections/applications/89cf50f02ac6aaed3484
[info] 
[debug] [2025-08-08T20:05:40.322Z] >>> [apiv2][query] GET https://api.github.com/repos/ \repository/actions/secrets/public-key type=owner
[debug] [2025-08-08T20:05:40.536Z] <<< [apiv2][status] GET https://api.github.com/repos/ \repository/actions/secrets/public-key 404
[debug] [2025-08-08T20:05:40.536Z] <<< [apiv2][body] GET https://api.github.com/repos/ \repository/actions/secrets/public-key {"message":"Not Found","documentation_url":"https://docs.github.com/rest/actions/secrets#get-a-repository-public-key","status":"404"}
[info] 
[info] 
[error] !  The provided authorization cannot be used with this repository. If this repository is in an organization, did you remember to grant access? 
[info] 
[info] i  Action required: Visit this URL to ensure access has been granted to the appropriate organization(s) for the Firebase CLI GitHub OAuth App: 
[info] https://github.com/settings/connections/applications/89cf50f02ac6aaed3484
[info] 
[debug] [2025-08-08T20:05:43.614Z] >>> [apiv2][query] GET https://api.github.com/repos/ \repository/actions/secrets/public-key type=owner
[debug] [2025-08-08T20:05:43.826Z] <<< [apiv2][status] GET https://api.github.com/repos/ \repository/actions/secrets/public-key 404
[debug] [2025-08-08T20:05:43.827Z] <<< [apiv2][body] GET https://api.github.com/repos/ \repository/actions/secrets/public-key {"message":"Not Found","documentation_url":"https://docs.github.com/rest/actions/secrets#get-a-repository-public-key","status":"404"}
[info] 
[info] 
[error] !  The provided authorization cannot be used with this repository. If this repository is in an organization, did you remember to grant access? 
[info] 
[info] i  Action required: Visit this URL to ensure access has been granted to the appropriate organization(s) for the Firebase CLI GitHub OAuth App: 
[info] https://github.com/settings/connections/applications/89cf50f02ac6aaed3484
[info] 
[debug] [2025-08-08T20:05:43.945Z] >>> [apiv2][query] GET https://api.github.com/repos/ \repository/actions/secrets/public-key type=owner
[debug] [2025-08-08T20:05:44.145Z] <<< [apiv2][status] GET https://api.github.com/repos/ \repository/actions/secrets/public-key 404
[debug] [2025-08-08T20:05:44.145Z] <<< [apiv2][body] GET https://api.github.com/repos/ \repository/actions/secrets/public-key {"message":"Not Found","documentation_url":"https://docs.github.com/rest/actions/secrets#get-a-repository-public-key","status":"404"}
[info] 
[info] 
[error] !  The provided authorization cannot be used with this repository. If this repository is in an organization, did you remember to grant access? 
[info] 
[info] i  Action required: Visit this URL to ensure access has been granted to the appropriate organization(s) for the Firebase CLI GitHub OAuth App: 
[info] https://github.com/settings/connections/applications/89cf50f02ac6aaed3484
[info] 
[debug] [2025-08-08T20:05:48.440Z] >>> [apiv2][query] GET https://api.github.com/repos/ \repository/actions/secrets/public-key type=owner
[debug] [2025-08-08T20:05:48.639Z] <<< [apiv2][status] GET https://api.github.com/repos/ \repository/actions/secrets/public-key 404
[debug] [2025-08-08T20:05:48.639Z] <<< [apiv2][body] GET https://api.github.com/repos/ \repository/actions/secrets/public-key {"message":"Not Found","documentation_url":"https://docs.github.com/rest/actions/secrets#get-a-repository-public-key","status":"404"}
[info] 
[info] 
[error] !  The provided authorization cannot be used with this repository. If this repository is in an organization, did you remember to grant access? 
[info] 
[info] i  Action required: Visit this URL to ensure access has been granted to the appropriate organization(s) for the Firebase CLI GitHub OAuth App: 
[info] https://github.com/settings/connections/applications/89cf50f02ac6aaed3484
[info] 
[debug] [2025-08-08T20:05:48.807Z] >>> [apiv2][query] GET https://api.github.com/repos/ \repository/actions/secrets/public-key type=owner
[debug] [2025-08-08T20:05:49.030Z] <<< [apiv2][status] GET https://api.github.com/repos/ \repository/actions/secrets/public-key 404
[debug] [2025-08-08T20:05:49.030Z] <<< [apiv2][body] GET https://api.github.com/repos/ \repository/actions/secrets/public-key {"message":"Not Found","documentation_url":"https://docs.github.com/rest/actions/secrets#get-a-repository-public-key","status":"404"}
[info] 
[info] 
[error] !  The provided authorization cannot be used with this repository. If this repository is in an organization, did you remember to grant access? 
[info] 
[info] i  Action required: Visit this URL to ensure access has been granted to the appropriate organization(s) for the Firebase CLI GitHub OAuth App: 
[info] https://github.com/settings/connections/applications/89cf50f02ac6aaed3484
[info] 
[debug] [2025-08-08T20:05:52.680Z] >>> [apiv2][query] GET https://api.github.com/repos/ \repositoryuser/actions/secrets/public-key type=owner
[debug] [2025-08-08T20:05:52.890Z] <<< [apiv2][status] GET https://api.github.com/repos/ \repositoryuser/actions/secrets/public-key 404
[debug] [2025-08-08T20:05:52.890Z] <<< [apiv2][body] GET https://api.github.com/repos/ \repositoryuser/actions/secrets/public-key {"message":"Not Found","documentation_url":"https://docs.github.com/rest/actions/secrets#get-a-repository-public-key","status":"404"}
[info] 
[info] 
[error] !  The provided authorization cannot be used with this repository. If this repository is in an organization, did you remember to grant access? 
[info] 
[info] i  Action required: Visit this URL to ensure access has been granted to the appropriate organization(s) for the Firebase CLI GitHub OAuth App: 
[info] https://github.com/settings/connections/applications/89cf50f02ac6aaed3484
[info] 
[debug] [2025-08-08T20:05:58.563Z] >>> [apiv2][query] GET https://api.github.com/repos/ \repositoryuser/actions/secrets/public-key type=owner
[debug] [2025-08-08T20:05:58.797Z] <<< [apiv2][status] GET https://api.github.com/repos/ \repositoryuser/actions/secrets/public-key 404
[debug] [2025-08-08T20:05:58.797Z] <<< [apiv2][body] GET https://api.github.com/repos/ \repositoryuser/actions/secrets/public-key {"message":"Not Found","documentation_url":"https://docs.github.com/rest/actions/secrets#get-a-repository-public-key","status":"404"}
[info] 
[info] 
[error] !  The provided authorization cannot be used with this repository. If this repository is in an organization, did you remember to grant access? 
[info] 
[info] i  Action required: Visit this URL to ensure access has been granted to the appropriate organization(s) for the Firebase CLI GitHub OAuth App: 
[info] https://github.com/settings/connections/applications/89cf50f02ac6aaed3484
[info] 
[debug] [2025-08-08T20:06:00.742Z] >>> [apiv2][query] GET https://api.github.com/repos/ \repositoryuseruser/actions/secrets/public-key type=owner
[debug] [2025-08-08T20:06:00.958Z] <<< [apiv2][status] GET https://api.github.com/repos/ \repositoryuseruser/actions/secrets/public-key 404
[debug] [2025-08-08T20:06:00.958Z] <<< [apiv2][body] GET https://api.github.com/repos/ \repositoryuseruser/actions/secrets/public-key {"message":"Not Found","documentation_url":"https://docs.github.com/rest/actions/secrets#get-a-repository-public-key","status":"404"}
[info] 
[info] 
[error] !  The provided authorization cannot be used with this repository. If this repository is in an organization, did you remember to grant access? 
[info] 
[info] i  Action required: Visit this URL to ensure access has been granted to the appropriate organization(s) for the Firebase CLI GitHub OAuth App: 
[info] https://github.com/settings/connections/applications/89cf50f02ac6aaed3484
[info] 
[debug] [2025-08-08T20:06:11.519Z] >>> [apiv2][query] GET https://api.github.com/repos/repository/actions/secrets/public-key type=owner
[debug] [2025-08-08T20:06:11.682Z] <<< [apiv2][status] GET https://api.github.com/repos/repository/actions/secrets/public-key 404
[debug] [2025-08-08T20:06:11.683Z] <<< [apiv2][body] GET https://api.github.com/repos/repository/actions/secrets/public-key {"message":"Not Found","documentation_url":"https://docs.github.com/rest","status":"404"}
[info] 
[info] 
[error] !  The provided authorization cannot be used with this repository. If this repository is in an organization, did you remember to grant access? 
[info] 
[info] i  Action required: Visit this URL to ensure access has been granted to the appropriate organization(s) for the Firebase CLI GitHub OAuth App: 
[info] https://github.com/settings/connections/applications/89cf50f02ac6aaed3484
[info] 
[debug] [2025-08-08T20:06:16.720Z] >>> [apiv2][query] GET https://api.github.com/repos/user/actions/secrets/public-key type=owner
[debug] [2025-08-08T20:06:16.932Z] <<< [apiv2][status] GET https://api.github.com/repos/user/actions/secrets/public-key 404
[debug] [2025-08-08T20:06:16.932Z] <<< [apiv2][body] GET https://api.github.com/repos/user/actions/secrets/public-key {"message":"Not Found","documentation_url":"https://docs.github.com/rest","status":"404"}
[info] 
[info] 
[error] !  The provided authorization cannot be used with this repository. If this repository is in an organization, did you remember to grant access? 
[info] 
[info] i  Action required: Visit this URL to ensure access has been granted to the appropriate organization(s) for the Firebase CLI GitHub OAuth App: 
[info] https://github.com/settings/connections/applications/89cf50f02ac6aaed3484
[info] 
[debug] [2025-08-08T20:06:42.861Z] >>> [apiv2][query] GET https://api.github.com/repos/user/actions/secrets/public-key type=owner
[debug] [2025-08-08T20:06:43.029Z] <<< [apiv2][status] GET https://api.github.com/repos/user/actions/secrets/public-key 404
[debug] [2025-08-08T20:06:43.029Z] <<< [apiv2][body] GET https://api.github.com/repos/user/actions/secrets/public-key {"message":"Not Found","documentation_url":"https://docs.github.com/rest","status":"404"}
[info] 
[info] 
[error] !  The provided authorization cannot be used with this repository. If this repository is in an organization, did you remember to grant access? 
[info] 
[info] i  Action required: Visit this URL to ensure access has been granted to the appropriate organization(s) for the Firebase CLI GitHub OAuth App: 
[info] https://github.com/settings/connections/applications/89cf50f02ac6aaed3484
[info] 
[debug] [2025-08-08T20:06:43.253Z] >>> [apiv2][query] GET https://api.github.com/repos/user/actions/secrets/public-key type=owner
[debug] [2025-08-08T20:06:43.459Z] <<< [apiv2][status] GET https://api.github.com/repos/user/actions/secrets/public-key 404
[debug] [2025-08-08T20:06:43.459Z] <<< [apiv2][body] GET https://api.github.com/repos/user/actions/secrets/public-key {"message":"Not Found","documentation_url":"https://docs.github.com/rest","status":"404"}
[info] 
[info] 
[error] !  The provided authorization cannot be used with this repository. If this repository is in an organization, did you remember to grant access? 
[info] 
[info] i  Action required: Visit this URL to ensure access has been granted to the appropriate organization(s) for the Firebase CLI GitHub OAuth App: 
[info] https://github.com/settings/connections/applications/89cf50f02ac6aaed3484
[info] 
[debug] [2025-08-08T20:06:57.645Z] ExitPromptError: User force closed the prompt with SIGINT
    at Interface.sigint (C:\Users\User\AppData\Roaming\npm\node_modules\firebase-tools\node_modules\@inquirer\core\dist\commonjs\lib\create-prompt.js:101:37)
    at Interface.emit (node:events:518:28)
    at Interface.emit (node:domain:488:12)
    at [_ttyWrite] [as _ttyWrite] (node:internal/readline/interface:1125:18)
    at ReadStream.onkeypress (node:internal/readline/interface:264:20)
    at ReadStream.emit (node:events:530:35)
    at ReadStream.emit (node:domain:488:12)
    at emitKeys (node:internal/readline/utils:371:14)
    at emitKeys.next (<anonymous>)
    at ReadStream.onData (node:internal/readline/emitKeypressEvents:64:36)
[error] 
[error] Error: An unexpected error has occurred.
